android/app/build/intermediates/manifest_merge_blame_file/debug/manifest-merger-blame-debug-report.txt
1<?xml version="1.0" encoding="utf-8"?>
2<manifest xmlns:android="http://schemas.android.com/apk/res/android"
3    package="com.doantotnghiep"
4    android:versionCode="1"
5    android:versionName="1.0" >
6
7    <uses-sdk
8        android:minSdkVersion="21"
9        android:targetSdkVersion="33" />
10
11    <uses-permission android:name="android.permission.SYSTEM_ALERT_WINDOW" />
11-->src\debug\AndroidManifest.xml:5:5-77
11-->src\debug\AndroidManifest.xml:5:22-75
12    <uses-permission android:name="android.permission.INTERNET" />
12-->src\main\AndroidManifest.xml:3:5-67
12-->src\main\AndroidManifest.xml:3:22-64
13    <uses-permission android:name="android.permission.INTERNET" />
13-->src\main\AndroidManifest.xml:3:5-67
13-->src\main\AndroidManifest.xml:3:22-64
14    <uses-permission android:name="android.permission.READ_EXTERNAL_STORAGE" />
14-->src\main\AndroidManifest.xml:5:5-79
14-->src\main\AndroidManifest.xml:5:22-77
15    <uses-permission android:name="android.permission.CAMERA" />
15-->src\main\AndroidManifest.xml:6:5-64
15-->src\main\AndroidManifest.xml:6:22-62
16    <uses-permission android:name="android.permission.WRITE_EXTERNAL_STORAGE" />
16-->src\main\AndroidManifest.xml:7:5-80
16-->src\main\AndroidManifest.xml:7:22-78
17    <uses-permission android:name="android.permission.ACCESS_WIFI_STATE" />
17-->[com.facebook.flipper:flipper:0.125.0] AndroidManifest.xml:16:5-76
17-->[com.facebook.flipper:flipper:0.125.0] AndroidManifest.xml:16:22-73
18    <uses-permission android:name="android.permission.WAKE_LOCK" />
18-->[:react-native-firebase_auth] AndroidManifest.xml:10:5-68
18-->[:react-native-firebase_auth] AndroidManifest.xml:10:22-65
19    <uses-permission android:name="android.permission.ACCESS_NETWORK_STATE" />
19-->[:react-native-firebase_auth] AndroidManifest.xml:11:5-79
19-->[:react-native-firebase_auth] AndroidManifest.xml:11:22-76
20    <uses-permission android:name="android.permission.POST_NOTIFICATIONS" /> <!-- Required by older versions of Google Play services to create IID tokens -->
20-->[com.google.firebase:firebase-messaging:23.1.2] AndroidManifest.xml:25:5-77
20-->[com.google.firebase:firebase-messaging:23.1.2] AndroidManifest.xml:25:22-74
21    <uses-permission android:name="com.google.android.c2dm.permission.RECEIVE" />
21-->[com.google.firebase:firebase-messaging:23.1.2] AndroidManifest.xml:28:5-82
21-->[com.google.firebase:firebase-messaging:23.1.2] AndroidManifest.xml:28:22-79
22
23    <application
23-->src\main\AndroidManifest.xml:9:5-29:19
24        android:name="com.doantotnghiep.MainApplication"
24-->src\main\AndroidManifest.xml:10:7-38
25        android:allowBackup="false"
25-->src\main\AndroidManifest.xml:14:7-34
26        android:appComponentFactory="androidx.core.app.CoreComponentFactory"
26-->[androidx.core:core:1.7.0] AndroidManifest.xml:24:18-86
27        android:debuggable="true"
28        android:icon="@mipmap/ic_launcher"
28-->src\main\AndroidManifest.xml:12:7-41
29        android:label="@string/app_name"
29-->src\main\AndroidManifest.xml:11:7-39
30        android:roundIcon="@mipmap/ic_launcher_round"
30-->src\main\AndroidManifest.xml:13:7-52
31        android:theme="@style/AppTheme"
31-->src\main\AndroidManifest.xml:15:7-38
32        android:usesCleartextTraffic="true" >
32-->src\debug\AndroidManifest.xml:8:9-44
33        <activity
33-->src\debug\AndroidManifest.xml:11:9-111
34            android:name="com.facebook.react.devsupport.DevSettingsActivity"
34-->src\debug\AndroidManifest.xml:11:19-83
35            android:exported="false" />
35-->src\debug\AndroidManifest.xml:11:84-108
36
37        <meta-data
37-->src\main\AndroidManifest.xml:16:7-105
38            android:name="com.facebook.sdk.ApplicationId"
38-->src\main\AndroidManifest.xml:16:18-63
39            android:value="@string/facebook_app_id" />
39-->src\main\AndroidManifest.xml:16:64-103
40
41        <activity
41-->src\main\AndroidManifest.xml:17:7-28:18
42            android:name="com.doantotnghiep.MainActivity"
42-->src\main\AndroidManifest.xml:18:9-37
43            android:configChanges="keyboard|keyboardHidden|orientation|screenLayout|screenSize|smallestScreenSize|uiMode"
43-->src\main\AndroidManifest.xml:20:9-118
44            android:exported="true"
44-->src\main\AndroidManifest.xml:23:9-32
45            android:label="@string/app_name"
45-->src\main\AndroidManifest.xml:19:9-41
46            android:launchMode="singleTask"
46-->src\main\AndroidManifest.xml:21:9-40
47            android:windowSoftInputMode="adjustResize" >
47-->src\main\AndroidManifest.xml:22:9-51
48            <intent-filter>
48-->src\main\AndroidManifest.xml:24:9-27:25
49                <action android:name="android.intent.action.MAIN" />
49-->src\main\AndroidManifest.xml:25:13-65
49-->src\main\AndroidManifest.xml:25:21-62
50
51                <category android:name="android.intent.category.LAUNCHER" />
51-->src\main\AndroidManifest.xml:26:13-73
51-->src\main\AndroidManifest.xml:26:23-70
52            </intent-filter>
53        </activity>
54
55        <service
55-->[:react-native-firebase_messaging] AndroidManifest.xml:14:9-16:40
56            android:name="io.invertase.firebase.messaging.ReactNativeFirebaseMessagingHeadlessService"
56-->[:react-native-firebase_messaging] AndroidManifest.xml:15:13-103
57            android:exported="false" />
57-->[:react-native-firebase_messaging] AndroidManifest.xml:16:13-37
58        <service
58-->[:react-native-firebase_messaging] AndroidManifest.xml:17:9-23:19
59            android:name="io.invertase.firebase.messaging.ReactNativeFirebaseMessagingService"
59-->[:react-native-firebase_messaging] AndroidManifest.xml:18:13-95
60            android:exported="false" >
60-->[:react-native-firebase_messaging] AndroidManifest.xml:19:13-37
61            <intent-filter>
61-->[:react-native-firebase_messaging] AndroidManifest.xml:20:13-22:29
62                <action android:name="com.google.firebase.MESSAGING_EVENT" />
62-->[:react-native-firebase_messaging] AndroidManifest.xml:21:17-78
62-->[:react-native-firebase_messaging] AndroidManifest.xml:21:25-75
63            </intent-filter>
64        </service>
65
66        <receiver
66-->[:react-native-firebase_messaging] AndroidManifest.xml:25:9-32:20
67            android:name="io.invertase.firebase.messaging.ReactNativeFirebaseMessagingReceiver"
67-->[:react-native-firebase_messaging] AndroidManifest.xml:26:13-96
68            android:exported="true"
68-->[:react-native-firebase_messaging] AndroidManifest.xml:27:13-36
69            android:permission="com.google.android.c2dm.permission.SEND" >
69-->[:react-native-firebase_messaging] AndroidManifest.xml:28:13-73
70            <intent-filter>
70-->[:react-native-firebase_messaging] AndroidManifest.xml:29:13-31:29
71                <action android:name="com.google.android.c2dm.intent.RECEIVE" />
71-->[:react-native-firebase_messaging] AndroidManifest.xml:30:17-81
71-->[:react-native-firebase_messaging] AndroidManifest.xml:30:25-78
72            </intent-filter>
73        </receiver>
74
75        <meta-data
75-->[:react-native-firebase_messaging] AndroidManifest.xml:34:9-36:36
76            android:name="firebase_messaging_auto_init_enabled"
76-->[:react-native-firebase_messaging] AndroidManifest.xml:35:13-64
77            android:value="true" />
77-->[:react-native-firebase_messaging] AndroidManifest.xml:36:13-33
78        <meta-data
78-->[:react-native-firebase_messaging] AndroidManifest.xml:37:9-39:32
79            android:name="com.google.firebase.messaging.default_notification_channel_id"
79-->[:react-native-firebase_messaging] AndroidManifest.xml:38:13-89
80            android:value="" />
80-->[:react-native-firebase_messaging] AndroidManifest.xml:39:13-29
81        <meta-data
81-->[:react-native-firebase_messaging] AndroidManifest.xml:40:9-42:47
82            android:name="com.google.firebase.messaging.default_notification_color"
82-->[:react-native-firebase_messaging] AndroidManifest.xml:41:13-84
83            android:resource="@color/white" />
83-->[:react-native-firebase_messaging] AndroidManifest.xml:42:13-44
84        <meta-data
84-->[:react-native-firebase_app] AndroidManifest.xml:11:9-13:36
85            android:name="app_data_collection_default_enabled"
85-->[:react-native-firebase_app] AndroidManifest.xml:12:13-63
86            android:value="true" />
86-->[:react-native-firebase_app] AndroidManifest.xml:13:13-33
87
88        <service
88-->[:react-native-firebase_app] AndroidManifest.xml:15:9-23:19
89            android:name="com.google.firebase.components.ComponentDiscoveryService"
89-->[:react-native-firebase_app] AndroidManifest.xml:16:13-84
90            android:directBootAware="true"
90-->[:react-native-firebase_app] AndroidManifest.xml:17:13-43
91            android:exported="false" >
91-->[:react-native-firebase_app] AndroidManifest.xml:18:13-37
92            <meta-data
92-->[:react-native-firebase_app] AndroidManifest.xml:20:13-22:85
93                android:name="com.google.firebase.components:io.invertase.firebase.app.ReactNativeFirebaseAppRegistrar"
93-->[:react-native-firebase_app] AndroidManifest.xml:21:17-120
94                android:value="com.google.firebase.components.ComponentRegistrar" />
94-->[:react-native-firebase_app] AndroidManifest.xml:22:17-82
95            <meta-data
95-->[com.google.firebase:firebase-messaging:23.1.2] AndroidManifest.xml:55:13-57:85
96                android:name="com.google.firebase.components:com.google.firebase.messaging.FirebaseMessagingRegistrar"
96-->[com.google.firebase:firebase-messaging:23.1.2] AndroidManifest.xml:56:17-119
97                android:value="com.google.firebase.components.ComponentRegistrar" />
97-->[com.google.firebase:firebase-messaging:23.1.2] AndroidManifest.xml:57:17-82
98            <meta-data
98-->[com.google.firebase:firebase-datatransport:18.1.7] AndroidManifest.xml:27:13-29:85
99                android:name="com.google.firebase.components:com.google.firebase.datatransport.TransportRegistrar"
99-->[com.google.firebase:firebase-datatransport:18.1.7] AndroidManifest.xml:28:17-115
100                android:value="com.google.firebase.components.ComponentRegistrar" />
100-->[com.google.firebase:firebase-datatransport:18.1.7] AndroidManifest.xml:29:17-82
101            <meta-data
101-->[com.google.firebase:firebase-auth:22.0.0] AndroidManifest.xml:69:13-71:85
102                android:name="com.google.firebase.components:com.google.firebase.auth.FirebaseAuthRegistrar"
102-->[com.google.firebase:firebase-auth:22.0.0] AndroidManifest.xml:70:17-109
103                android:value="com.google.firebase.components.ComponentRegistrar" />
103-->[com.google.firebase:firebase-auth:22.0.0] AndroidManifest.xml:71:17-82
104            <meta-data
104-->[com.google.firebase:firebase-firestore:24.6.0] AndroidManifest.xml:19:13-21:85
105                android:name="com.google.firebase.components:com.google.firebase.firestore.FirestoreRegistrar"
105-->[com.google.firebase:firebase-firestore:24.6.0] AndroidManifest.xml:20:17-111
106                android:value="com.google.firebase.components.ComponentRegistrar" />
106-->[com.google.firebase:firebase-firestore:24.6.0] AndroidManifest.xml:21:17-82
107            <meta-data
107-->[com.google.firebase:firebase-storage:20.2.0] AndroidManifest.xml:32:13-34:85
108                android:name="com.google.firebase.components:com.google.firebase.storage.StorageRegistrar"
108-->[com.google.firebase:firebase-storage:20.2.0] AndroidManifest.xml:33:17-107
109                android:value="com.google.firebase.components.ComponentRegistrar" />
109-->[com.google.firebase:firebase-storage:20.2.0] AndroidManifest.xml:34:17-82
110            <meta-data
110-->[com.google.firebase:firebase-database:20.2.1] AndroidManifest.xml:31:13-33:85
111                android:name="com.google.firebase.components:com.google.firebase.database.DatabaseRegistrar"
111-->[com.google.firebase:firebase-database:20.2.1] AndroidManifest.xml:32:17-109
112                android:value="com.google.firebase.components.ComponentRegistrar" />
112-->[com.google.firebase:firebase-database:20.2.1] AndroidManifest.xml:33:17-82
113            <meta-data
113-->[com.google.firebase:firebase-installations:17.1.3] AndroidManifest.xml:17:13-19:85
114                android:name="com.google.firebase.components:com.google.firebase.installations.FirebaseInstallationsRegistrar"
114-->[com.google.firebase:firebase-installations:17.1.3] AndroidManifest.xml:18:17-127
115                android:value="com.google.firebase.components.ComponentRegistrar" />
115-->[com.google.firebase:firebase-installations:17.1.3] AndroidManifest.xml:19:17-82
116        </service>
117
118        <provider
118-->[:react-native-firebase_app] AndroidManifest.xml:25:9-29:38
119            android:name="io.invertase.firebase.app.ReactNativeFirebaseAppInitProvider"
119-->[:react-native-firebase_app] AndroidManifest.xml:26:13-88
120            android:authorities="com.doantotnghiep.reactnativefirebaseappinitprovider"
120-->[:react-native-firebase_app] AndroidManifest.xml:27:13-86
121            android:exported="false"
121-->[:react-native-firebase_app] AndroidManifest.xml:28:13-37
122            android:initOrder="99" />
122-->[:react-native-firebase_app] AndroidManifest.xml:29:13-35
123        <provider
123-->[:react-native-image-picker] AndroidManifest.xml:10:9-18:20
124            android:name="com.imagepicker.ImagePickerProvider"
124-->[:react-native-image-picker] AndroidManifest.xml:11:13-63
125            android:authorities="com.doantotnghiep.imagepickerprovider"
125-->[:react-native-image-picker] AndroidManifest.xml:12:13-71
126            android:exported="false"
126-->[:react-native-image-picker] AndroidManifest.xml:13:13-37
127            android:grantUriPermissions="true" >
127-->[:react-native-image-picker] AndroidManifest.xml:14:13-47
128            <meta-data
128-->[:react-native-image-picker] AndroidManifest.xml:15:13-17:70
129                android:name="android.support.FILE_PROVIDER_PATHS"
129-->[:react-native-image-picker] AndroidManifest.xml:16:17-67
130                android:resource="@xml/imagepicker_provider_paths" />
130-->[:react-native-image-picker] AndroidManifest.xml:17:17-67
131        </provider>
132        <provider
132-->[:react-native-webview] AndroidManifest.xml:10:9-18:20
133            android:name="com.reactnativecommunity.webview.RNCWebViewFileProvider"
133-->[:react-native-webview] AndroidManifest.xml:11:13-83
134            android:authorities="com.doantotnghiep.fileprovider"
134-->[:react-native-webview] AndroidManifest.xml:12:13-64
135            android:exported="false"
135-->[:react-native-webview] AndroidManifest.xml:13:13-37
136            android:grantUriPermissions="true" >
136-->[:react-native-webview] AndroidManifest.xml:14:13-47
137            <meta-data
137-->[:react-native-image-picker] AndroidManifest.xml:15:13-17:70
138                android:name="android.support.FILE_PROVIDER_PATHS"
138-->[:react-native-image-picker] AndroidManifest.xml:16:17-67
139                android:resource="@xml/file_provider_paths" />
139-->[:react-native-image-picker] AndroidManifest.xml:17:17-67
140        </provider>
141
142        <receiver
142-->[com.google.firebase:firebase-messaging:23.1.2] AndroidManifest.xml:31:9-38:20
143            android:name="com.google.firebase.iid.FirebaseInstanceIdReceiver"
143-->[com.google.firebase:firebase-messaging:23.1.2] AndroidManifest.xml:32:13-78
144            android:exported="true"
144-->[com.google.firebase:firebase-messaging:23.1.2] AndroidManifest.xml:33:13-36
145            android:permission="com.google.android.c2dm.permission.SEND" >
145-->[com.google.firebase:firebase-messaging:23.1.2] AndroidManifest.xml:34:13-73
146            <intent-filter>
146-->[:react-native-firebase_messaging] AndroidManifest.xml:29:13-31:29
147                <action android:name="com.google.android.c2dm.intent.RECEIVE" />
147-->[:react-native-firebase_messaging] AndroidManifest.xml:30:17-81
147-->[:react-native-firebase_messaging] AndroidManifest.xml:30:25-78
148            </intent-filter>
149        </receiver>
150        <!--
151             FirebaseMessagingService performs security checks at runtime,
152             but set to not exported to explicitly avoid allowing another app to call it.
153        -->
154        <service
154-->[com.google.firebase:firebase-messaging:23.1.2] AndroidManifest.xml:44:9-51:19
155            android:name="com.google.firebase.messaging.FirebaseMessagingService"
155-->[com.google.firebase:firebase-messaging:23.1.2] AndroidManifest.xml:45:13-82
156            android:directBootAware="true"
156-->[com.google.firebase:firebase-messaging:23.1.2] AndroidManifest.xml:46:13-43
157            android:exported="false" >
157-->[com.google.firebase:firebase-messaging:23.1.2] AndroidManifest.xml:47:13-37
158            <intent-filter android:priority="-500" >
158-->[:react-native-firebase_messaging] AndroidManifest.xml:20:13-22:29
159                <action android:name="com.google.firebase.MESSAGING_EVENT" />
159-->[:react-native-firebase_messaging] AndroidManifest.xml:21:17-78
159-->[:react-native-firebase_messaging] AndroidManifest.xml:21:25-75
160            </intent-filter>
161        </service>
162        <service
162-->[com.google.android.datatransport:transport-backend-cct:3.1.8] AndroidManifest.xml:28:9-34:19
163            android:name="com.google.android.datatransport.runtime.backends.TransportBackendDiscovery"
163-->[com.google.android.datatransport:transport-backend-cct:3.1.8] AndroidManifest.xml:29:13-103
164            android:exported="false" >
164-->[com.google.android.datatransport:transport-backend-cct:3.1.8] AndroidManifest.xml:30:13-37
165            <meta-data
165-->[com.google.android.datatransport:transport-backend-cct:3.1.8] AndroidManifest.xml:31:13-33:39
166                android:name="backend:com.google.android.datatransport.cct.CctBackendFactory"
166-->[com.google.android.datatransport:transport-backend-cct:3.1.8] AndroidManifest.xml:32:17-94
167                android:value="cct" />
167-->[com.google.android.datatransport:transport-backend-cct:3.1.8] AndroidManifest.xml:33:17-36
168        </service>
169        <service
169-->[com.google.android.datatransport:transport-runtime:3.1.8] AndroidManifest.xml:26:9-30:19
170            android:name="com.google.android.datatransport.runtime.scheduling.jobscheduling.JobInfoSchedulerService"
170-->[com.google.android.datatransport:transport-runtime:3.1.8] AndroidManifest.xml:27:13-117
171            android:exported="false"
171-->[com.google.android.datatransport:transport-runtime:3.1.8] AndroidManifest.xml:28:13-37
172            android:permission="android.permission.BIND_JOB_SERVICE" >
172-->[com.google.android.datatransport:transport-runtime:3.1.8] AndroidManifest.xml:29:13-69
173        </service>
174
175        <receiver
175-->[com.google.android.datatransport:transport-runtime:3.1.8] AndroidManifest.xml:32:9-34:40
176            android:name="com.google.android.datatransport.runtime.scheduling.jobscheduling.AlarmManagerSchedulerBroadcastReceiver"
176-->[com.google.android.datatransport:transport-runtime:3.1.8] AndroidManifest.xml:33:13-132
177            android:exported="false" />
177-->[com.google.android.datatransport:transport-runtime:3.1.8] AndroidManifest.xml:34:13-37
178
179        <activity
179-->[com.google.firebase:firebase-auth:22.0.0] AndroidManifest.xml:29:9-46:20
180            android:name="com.google.firebase.auth.internal.GenericIdpActivity"
180-->[com.google.firebase:firebase-auth:22.0.0] AndroidManifest.xml:30:13-80
181            android:excludeFromRecents="true"
181-->[com.google.firebase:firebase-auth:22.0.0] AndroidManifest.xml:31:13-46
182            android:exported="true"
182-->[com.google.firebase:firebase-auth:22.0.0] AndroidManifest.xml:32:13-36
183            android:launchMode="singleTask"
183-->[com.google.firebase:firebase-auth:22.0.0] AndroidManifest.xml:33:13-44
184            android:theme="@android:style/Theme.Translucent.NoTitleBar" >
184-->[com.google.firebase:firebase-auth:22.0.0] AndroidManifest.xml:34:13-72
185            <intent-filter>
185-->[com.google.firebase:firebase-auth:22.0.0] AndroidManifest.xml:35:13-45:29
186                <action android:name="android.intent.action.VIEW" />
186-->[com.google.firebase:firebase-auth:22.0.0] AndroidManifest.xml:36:17-69
186-->[com.google.firebase:firebase-auth:22.0.0] AndroidManifest.xml:36:25-66
187
188                <category android:name="android.intent.category.DEFAULT" />
188-->[com.google.firebase:firebase-auth:22.0.0] AndroidManifest.xml:38:17-76
188-->[com.google.firebase:firebase-auth:22.0.0] AndroidManifest.xml:38:27-73
189                <category android:name="android.intent.category.BROWSABLE" />
189-->[com.google.firebase:firebase-auth:22.0.0] AndroidManifest.xml:39:17-78
189-->[com.google.firebase:firebase-auth:22.0.0] AndroidManifest.xml:39:27-75
190
191                <data
191-->[com.google.firebase:firebase-auth:22.0.0] AndroidManifest.xml:41:17-44:51
192                    android:host="firebase.auth"
192-->[com.google.firebase:firebase-auth:22.0.0] AndroidManifest.xml:42:21-49
193                    android:path="/"
193-->[com.google.firebase:firebase-auth:22.0.0] AndroidManifest.xml:43:21-37
194                    android:scheme="genericidp" />
194-->[com.google.firebase:firebase-auth:22.0.0] AndroidManifest.xml:44:21-48
195            </intent-filter>
196        </activity>
197        <activity
197-->[com.google.firebase:firebase-auth:22.0.0] AndroidManifest.xml:47:9-64:20
198            android:name="com.google.firebase.auth.internal.RecaptchaActivity"
198-->[com.google.firebase:firebase-auth:22.0.0] AndroidManifest.xml:48:13-79
199            android:excludeFromRecents="true"
199-->[com.google.firebase:firebase-auth:22.0.0] AndroidManifest.xml:49:13-46
200            android:exported="true"
200-->[com.google.firebase:firebase-auth:22.0.0] AndroidManifest.xml:50:13-36
201            android:launchMode="singleTask"
201-->[com.google.firebase:firebase-auth:22.0.0] AndroidManifest.xml:51:13-44
202            android:theme="@android:style/Theme.Translucent.NoTitleBar" >
202-->[com.google.firebase:firebase-auth:22.0.0] AndroidManifest.xml:52:13-72
203            <intent-filter>
203-->[com.google.firebase:firebase-auth:22.0.0] AndroidManifest.xml:53:13-63:29
204                <action android:name="android.intent.action.VIEW" />
204-->[com.google.firebase:firebase-auth:22.0.0] AndroidManifest.xml:36:17-69
204-->[com.google.firebase:firebase-auth:22.0.0] AndroidManifest.xml:36:25-66
205
206                <category android:name="android.intent.category.DEFAULT" />
206-->[com.google.firebase:firebase-auth:22.0.0] AndroidManifest.xml:38:17-76
206-->[com.google.firebase:firebase-auth:22.0.0] AndroidManifest.xml:38:27-73
207                <category android:name="android.intent.category.BROWSABLE" />
207-->[com.google.firebase:firebase-auth:22.0.0] AndroidManifest.xml:39:17-78
207-->[com.google.firebase:firebase-auth:22.0.0] AndroidManifest.xml:39:27-75
208
209                <data
209-->[com.google.firebase:firebase-auth:22.0.0] AndroidManifest.xml:41:17-44:51
210                    android:host="firebase.auth"
210-->[com.google.firebase:firebase-auth:22.0.0] AndroidManifest.xml:42:21-49
211                    android:path="/"
211-->[com.google.firebase:firebase-auth:22.0.0] AndroidManifest.xml:43:21-37
212                    android:scheme="recaptcha" />
212-->[com.google.firebase:firebase-auth:22.0.0] AndroidManifest.xml:44:21-48
213            </intent-filter>
214        </activity>
215
216        <provider
216-->[com.google.firebase:firebase-common:20.3.2] AndroidManifest.xml:25:9-30:39
217            android:name="com.google.firebase.provider.FirebaseInitProvider"
217-->[com.google.firebase:firebase-common:20.3.2] AndroidManifest.xml:26:13-77
218            android:authorities="com.doantotnghiep.firebaseinitprovider"
218-->[com.google.firebase:firebase-common:20.3.2] AndroidManifest.xml:27:13-72
219            android:directBootAware="true"
219-->[com.google.firebase:firebase-common:20.3.2] AndroidManifest.xml:28:13-43
220            android:exported="false"
220-->[com.google.firebase:firebase-common:20.3.2] AndroidManifest.xml:29:13-37
221            android:initOrder="100" />
221-->[com.google.firebase:firebase-common:20.3.2] AndroidManifest.xml:30:13-36
222
223        <activity
223-->[com.google.android.gms:play-services-auth:20.3.0] AndroidManifest.xml:23:9-27:75
224            android:name="com.google.android.gms.auth.api.signin.internal.SignInHubActivity"
224-->[com.google.android.gms:play-services-auth:20.3.0] AndroidManifest.xml:24:13-93
225            android:excludeFromRecents="true"
225-->[com.google.android.gms:play-services-auth:20.3.0] AndroidManifest.xml:25:13-46
226            android:exported="false"
226-->[com.google.android.gms:play-services-auth:20.3.0] AndroidManifest.xml:26:13-37
227            android:theme="@android:style/Theme.Translucent.NoTitleBar" />
227-->[com.google.android.gms:play-services-auth:20.3.0] AndroidManifest.xml:27:13-72
228        <!--
229            Service handling Google Sign-In user revocation. For apps that do not integrate with
230            Google Sign-In, this service will never be started.
231        -->
232        <service
232-->[com.google.android.gms:play-services-auth:20.3.0] AndroidManifest.xml:33:9-37:51
233            android:name="com.google.android.gms.auth.api.signin.RevocationBoundService"
233-->[com.google.android.gms:play-services-auth:20.3.0] AndroidManifest.xml:34:13-89
234            android:exported="true"
234-->[com.google.android.gms:play-services-auth:20.3.0] AndroidManifest.xml:35:13-36
235            android:permission="com.google.android.gms.auth.api.signin.permission.REVOCATION_NOTIFICATION"
235-->[com.google.android.gms:play-services-auth:20.3.0] AndroidManifest.xml:36:13-107
236            android:visibleToInstantApps="true" />
236-->[com.google.android.gms:play-services-auth:20.3.0] AndroidManifest.xml:37:13-48
237
238        <activity
238-->[com.google.android.gms:play-services-base:18.1.0] AndroidManifest.xml:20:9-22:45
239            android:name="com.google.android.gms.common.api.GoogleApiActivity"
239-->[com.google.android.gms:play-services-base:18.1.0] AndroidManifest.xml:20:19-85
240            android:exported="false"
240-->[com.google.android.gms:play-services-base:18.1.0] AndroidManifest.xml:22:19-43
241            android:theme="@android:style/Theme.Translucent.NoTitleBar" />
241-->[com.google.android.gms:play-services-base:18.1.0] AndroidManifest.xml:21:19-78
242
243        <meta-data
243-->[com.google.android.gms:play-services-basement:18.1.0] AndroidManifest.xml:21:9-23:69
244            android:name="com.google.android.gms.version"
244-->[com.google.android.gms:play-services-basement:18.1.0] AndroidManifest.xml:22:13-58
245            android:value="@integer/google_play_services_version" />
245-->[com.google.android.gms:play-services-basement:18.1.0] AndroidManifest.xml:23:13-66
246
247        <provider
247-->[androidx.emoji2:emoji2:1.0.0] AndroidManifest.xml:26:9-34:20
248            android:name="androidx.startup.InitializationProvider"
248-->[androidx.emoji2:emoji2:1.0.0] AndroidManifest.xml:27:13-67
249            android:authorities="com.doantotnghiep.androidx-startup"
249-->[androidx.emoji2:emoji2:1.0.0] AndroidManifest.xml:28:13-68
250            android:exported="false" >
250-->[androidx.emoji2:emoji2:1.0.0] AndroidManifest.xml:29:13-37
251            <meta-data
251-->[androidx.emoji2:emoji2:1.0.0] AndroidManifest.xml:31:13-33:52
252                android:name="androidx.emoji2.text.EmojiCompatInitializer"
252-->[androidx.emoji2:emoji2:1.0.0] AndroidManifest.xml:32:17-75
253                android:value="androidx.startup" />
253-->[androidx.emoji2:emoji2:1.0.0] AndroidManifest.xml:33:17-49
254            <meta-data
254-->[androidx.lifecycle:lifecycle-process:2.4.0] AndroidManifest.xml:31:13-33:52
255                android:name="androidx.lifecycle.ProcessLifecycleInitializer"
255-->[androidx.lifecycle:lifecycle-process:2.4.0] AndroidManifest.xml:32:17-78
256                android:value="androidx.startup" />
256-->[androidx.lifecycle:lifecycle-process:2.4.0] AndroidManifest.xml:33:17-49
257        </provider>
258    </application>
259
260</manifest>